\BOOKMARK [1][-]{section.1}{\376\377\000C\000a\000r\000a\000c\000t\000\351\000r\000i\000s\000e\000r\000\040\000u\000n\000\040\000l\000a\000n\000g\000a\000g\000e\000\040\000d\000e\000\040\000p\000r\000o\000g\000r\000a\000m\000m\000a\000t\000i\000o\000n}{}% 1
\BOOKMARK [2][-]{subsection.1.1}{\376\377\000P\000r\000o\000g\000r\000a\000m\000m\000a\000t\000i\000o\000n\000\040\000e\000t\000\040\000p\000e\000n\000s\000\351\000e\000\040\000:\000\040\000l\000e\000s\000\040\000p\000a\000r\000a\000d\000i\000g\000m\000e\000s\000.}{section.1}% 2
\BOOKMARK [2][-]{subsection.1.2}{\376\377\000E\000x\000\351\000c\000u\000t\000i\000o\000n\000\040\000d\000'\000u\000n\000\040\000p\000r\000o\000g\000r\000a\000m\000m\000e\000,\000\040\000c\000o\000m\000p\000i\000l\000a\000t\000i\000o\000n\000,\000\040\000i\000n\000t\000e\000r\000p\000r\000\351\000t\000a\000t\000i\000o\000n\000.}{section.1}% 3
\BOOKMARK [2][-]{subsection.1.3}{\376\377\000P\000r\000o\000g\000r\000a\000m\000m\000a\000t\000i\000o\000n\000\040\000e\000t\000\040\000d\000o\000n\000n\000\351\000e\000s\000\040\000:\000\040\000t\000y\000p\000a\000g\000e\000.}{section.1}% 4
\BOOKMARK [2][-]{subsection.1.4}{\376\377\000M\000o\000t\000s\000-\000c\000l\000\351\000s\000\040\000e\000t\000\040\000i\000n\000d\000e\000n\000t\000i\000f\000i\000a\000n\000t\000s\000.}{section.1}% 5
\BOOKMARK [1][-]{section.2}{\376\377\000L\000e\000\040\000l\000a\000n\000g\000a\000g\000e\000\040\000C\000.}{}% 6
\BOOKMARK [2][-]{subsection.2.1}{\376\377\000L\000e\000s\000\040\000b\000a\000s\000e\000s\000.}{section.2}% 7
\BOOKMARK [3][-]{subsubsection.2.1.1}{\376\377\000U\000n\000\040\000p\000r\000e\000m\000i\000e\000r\000\040\000p\000r\000o\000g\000r\000a\000m\000m\000e\000\040\000e\000n\000\040\000C\000.}{subsection.2.1}% 8
\BOOKMARK [2][-]{subsection.2.2}{\376\377\000T\000y\000p\000e\000s\000\040\000d\000e\000\040\000b\000a\000s\000e\000.}{section.2}% 9
\BOOKMARK [3][-]{subsubsection.2.2.1}{\376\377\000L\000e\000s\000\040\000e\000n\000t\000i\000e\000r\000s\000.}{subsection.2.2}% 10
\BOOKMARK [3][-]{subsubsection.2.2.2}{\376\377\000L\000e\000s\000\040\000f\000l\000o\000t\000t\000a\000n\000t\000s\000.}{subsection.2.2}% 11
\BOOKMARK [3][-]{subsubsection.2.2.3}{\376\377\000C\000o\000h\000a\000b\000i\000t\000a\000t\000i\000o\000n\000\040\000e\000n\000t\000r\000e\000\040\000t\000y\000p\000e\000s\000.}{subsection.2.2}% 12
\BOOKMARK [3][-]{subsubsection.2.2.4}{\376\377\000B\000o\000o\000l\000\351\000e\000n\000s\000.}{subsection.2.2}% 13
\BOOKMARK [3][-]{subsubsection.2.2.5}{\376\377\000C\000h\000a\000\356\000n\000e\000s\000\040\000d\000e\000\040\000c\000a\000r\000a\000c\000t\000\350\000r\000e\000s\000.}{subsection.2.2}% 14
\BOOKMARK [2][-]{subsection.2.3}{\376\377\000L\000e\000s\000\040\000v\000a\000r\000i\000a\000b\000l\000e\000s\000.}{section.2}% 15
\BOOKMARK [3][-]{subsubsection.2.3.1}{\376\377\000L\000e\000s\000\040\000i\000d\000e\000n\000t\000i\000f\000i\000a\000n\000t\000s\000.}{subsection.2.3}% 16
\BOOKMARK [3][-]{subsubsection.2.3.2}{\376\377\000S\000y\000n\000t\000a\000x\000e\000.}{subsection.2.3}% 17
\BOOKMARK [3][-]{subsubsection.2.3.3}{\376\377\000C\000o\000n\000s\000t\000a\000n\000t\000e\000s\000.}{subsection.2.3}% 18
\BOOKMARK [2][-]{subsection.2.4}{\376\377\000L\000e\000s\000\040\000f\000o\000n\000c\000t\000i\000o\000n\000s\000.}{section.2}% 19
\BOOKMARK [3][-]{subsubsection.2.4.1}{\376\377\000S\000y\000n\000t\000a\000x\000e\000.}{subsection.2.4}% 20
\BOOKMARK [3][-]{subsubsection.2.4.2}{\376\377\000T\000y\000p\000a\000g\000e\000.}{subsection.2.4}% 21
\BOOKMARK [2][-]{subsection.2.5}{\376\377\000S\000t\000r\000u\000c\000t\000u\000r\000e\000s\000\040\000d\000e\000\040\000c\000o\000n\000t\000r\000\364\000l\000e\000.}{section.2}% 22
\BOOKMARK [2][-]{subsection.2.6}{\376\377\000L\000e\000s\000\040\000p\000o\000i\000n\000t\000e\000u\000r\000s\000.}{section.2}% 23
\BOOKMARK [3][-]{subsubsection.2.6.1}{\376\377\000D\000e\000m\000a\000n\000d\000e\000s\000\040\000d\000e\000\040\000m\000\351\000m\000o\000i\000r\000e\000.}{subsection.2.6}% 24
\BOOKMARK [3][-]{subsubsection.2.6.2}{\376\377\000T\000a\000b\000l\000e\000a\